GET / 200 13.917 ms - 2205 {} - -
GET /css/style.css 304 2.886 ms - - {} - -
POST /login 302 224.606 ms - 56 {"_csrf":"J9jiHKRL-kmw2Vji9jy70t-C8YdA0PYQf1m0","username":"datnd99","password":"29091997q"} - 78
GET /rooms 304 8.965 ms - - {} - -
GET /css/style.css 304 0.600 ms - - {} - -
GET /js/main.js 304 0.358 ms - - {} - -
GET /chat/5cb746523e016d4454813008 200 19.125 ms - 2093 {} - -
GET /css/style.css 304 0.552 ms - - {} - -
GET /img/user.jpg 200 3.715 ms - 7154 {} - -
GET /js/main.js 304 0.386 ms - - {} - -
GET /logout 302 2.275 ms - 46 {} - -
GET / 200 1.397 ms - 2205 {} - -
GET /css/style.css 304 0.561 ms - - {} - -
GET / 200 13.388 ms - 2205 ::1----{} - -
GET /css/style.css 304 1.784 ms - - ::1----{} - -
GET / 200 3.472 ms - 2205 ::ffff:192.168.1.100----{} - -
GET /css/style.css 200 2.426 ms - 6406 ::ffff:192.168.1.100----{} - -
GET /favicon.ico 404 3.225 ms - 1240 ::ffff:192.168.1.100----{} - -
GET / 200 2.205 ms - 2205 ::1----{} - -
GET /css/style.css 304 0.448 ms - - ::1----{} - -
POST /login 302 223.963 ms - 56 ::ffff:192.168.1.100----{"_csrf":"1sBWObZU-vsA6dlFSKMaWtzztJMJ1PsN3Qbw","username":"datnd99","password":"29091997q"} - 78
GET /rooms 200 7.946 ms - 2693 ::ffff:192.168.1.100----{} - -
GET /js/main.js 200 0.769 ms - 5530 ::ffff:192.168.1.100----{} - -
GET /css/style.css 304 0.490 ms - - ::ffff:192.168.1.100----{} - -
POST /login 302 191.861 ms - 56 ::1----{"_csrf":"NZEmPJQY-UJv7Pz0AVVmWgXD0SVmOWdcBSB8","username":"datnd99","password":"29091997q"} - 78
GET /rooms 304 3.621 ms - - ::1----{} - -
GET /css/style.css 304 0.337 ms - - ::1----{} - -
GET /js/main.js 304 0.459 ms - - ::1----{} - -
GET /rooms 304 4.416 ms - - ::ffff:192.168.1.100----{} - -
GET /css/style.css 304 0.448 ms - - ::ffff:192.168.1.100----{} - -
GET /js/main.js 304 0.489 ms - - ::ffff:192.168.1.100----{} - -
GET /rooms 304 5.920 ms - - ::ffff:192.168.1.100----{} - -
GET /css/style.css 304 0.568 ms - - ::ffff:192.168.1.100----{} - -
GET /js/main.js 304 0.335 ms - - ::ffff:192.168.1.100----{} - -
GET /chat/5cb746523e016d4454813008 304 5.191 ms - - ::1----{} - -
GET /css/style.css 304 0.452 ms - - ::1----{} - -
GET /img/user.jpg 304 0.351 ms - - ::1----{} - -
GET /js/main.js 304 0.327 ms - - ::1----{} - -
GET /chat/5cb746523e016d4454813008 200 4.790 ms - 2093 ::ffff:192.168.1.100----{} - -
GET /css/style.css 304 0.364 ms - - ::ffff:192.168.1.100----{} - -
GET /img/user.jpg 200 1.178 ms - 7154 ::ffff:192.168.1.100----{} - -
GET /js/main.js 304 0.474 ms - - ::ffff:192.168.1.100----{} - -
GET / 200 48.762 ms - 2205 {} - -
GET /css/style.css 304 1.372 ms - - {} - -
GET /favicon.ico 404 6.779 ms - 1240 {} - -
POST /login 302 289.802 ms - 56 {"_csrf":"uAj7LDKn-BCvkneUOuR3kxRz3GB4kY5x9Mlo","username":"datnd99","password":"29091997q"} - 78
GET /rooms 200 43.813 ms - 2693 {} - -
GET /css/style.css 304 0.804 ms - - {} - -
GET /js/main.js 200 1.787 ms - 5530 {} - -
GET /chat/5cb746523e016d4454813008 200 32.306 ms - 2093 {} - -
GET /css/style.css 304 0.519 ms - - {} - -
GET /img/user.jpg 200 2.078 ms - 7154 {} - -
GET /js/main.js 304 0.408 ms - - {} - -
GET /login 404 14.842 ms - 1240 {} - -
GET /css/style.css 304 1.458 ms - - {} - -
GET /favicon.ico 404 2.189 ms - 1240 {} - -
GET / 200 44.244 ms - 2205 {} - -
GET /css/style.css 304 0.652 ms - - {} - -
POST /login 302 249.893 ms - 56 {"_csrf":"z9CNSLKp-vQVfkReBNyMnpZvnkZo7cwNjUYM","username":"datnd99","password":"29091997q"} - 78
GET /rooms 304 22.721 ms - - {} - -
GET /css/style.css 304 0.589 ms - - {} - -
GET /js/main.js 304 0.300 ms - - {} - -
GET /chat/5cb746523e016d4454813008 200 11.078 ms - 2093 {} - -
GET /css/style.css 304 0.380 ms - - {} - -
GET /img/user.jpg 200 1.610 ms - 7154 {} - -
GET /js/main.js 304 0.384 ms - - {} - -
GET /chat/5cb746523e016d4454813008 200 6.200 ms - 1612 {} - -
GET /css/style.css 304 0.505 ms - - {} - -
GET /img/user.jpg 304 0.547 ms - - {} - -
GET /js/main.js 304 0.411 ms - - {} - -
GET /rooms 302 1.772 ms - 46 {} - -
GET / 200 1.328 ms - 2205 {} - -
GET /css/style.css 304 0.406 ms - - {} - -
POST /login 302 1.821 ms - 46 {"_csrf":"OOGoEZok-IjMbHSgrT7xAs701e1nUZv5ZcnA","username":"datnd99","password":"29091997q"} - 78
GET / 200 1.327 ms - 2301 {} - -
GET /css/style.css 304 0.300 ms - - {} - -
POST /login 302 1.899 ms - 46 {"_csrf":"SvfLSSf6-hx9bmWnPG3ko6VNhQ-zJfFxVxN8","username":"datnd99","password":"29091997q"} - 78
GET / 200 0.971 ms - 2301 {} - -
GET /css/style.css 304 0.739 ms - - {} - -
GET / 200 14.540 ms - 2205 {} - -
GET /css/style.css 304 2.205 ms - - {} - -
POST /login 302 26.088 ms - 46 {"_csrf":"0GCqxMH2-a8wLMaLvgY2bW1SeegdcBLxLrl4","username":"datnd99","password":"29091997q"} - 78
GET / 200 1.512 ms - 2301 {} - -
GET /css/style.css 304 0.471 ms - - {} - -
POST /register 302 227.369 ms - 46 {"_csrf":"DPrApWfT-i9NwryHSzcFH_DmavP9Zsngp1Zg","username":"datnd","password":"29091997q"} - 76
GET / 200 1.384 ms - 2313 {} - -
GET /css/style.css 304 0.659 ms - - {} - -
POST /login 302 195.638 ms - 56 {"_csrf":"hTeuu5nt-GRveVj1MvAGY9VzS3ldKyzerj2E","username":"datnd","password":"29091997q"} - 76
GET /rooms 200 5.089 ms - 1657 {} - -
GET /css/style.css 304 0.426 ms - - {} - -
GET /js/main.js 304 0.456 ms - - {} - -
GET /chat/5cd1a42156bbfd2e242121e0 200 5.947 ms - 1618 {} - -
GET /css/style.css 304 0.381 ms - - {} - -
GET /img/user.jpg 304 0.419 ms - - {} - -
GET /js/main.js 304 0.401 ms - - {} - -
GET / 200 1.880 ms - 2205 {} - -
GET /css/style.css 200 2.285 ms - 6406 {} - -
POST /register 302 192.171 ms - 46 {"_csrf":"V7E10Cc6-qwxXT9M7ZaSMTPQaBbhdeKMdEo8","username":"datnd99","password":"29091997q"} - 78
GET / 200 1.683 ms - 2313 {} - -
GET /css/style.css 304 0.321 ms - - {} - -
POST /login 302 190.827 ms - 56 {"_csrf":"5OJZzbA7-hGbBpx6HLnAd7XW_Ce0aRcDvkK0","username":"datnd99","password":"29091997q"} - 78
GET /rooms 200 3.432 ms - 1725 {} - -
GET /css/style.css 304 0.357 ms - - {} - -
GET /js/main.js 200 0.583 ms - 5530 {} - -
GET /chat/5cd1a42156bbfd2e242121e0 200 5.847 ms - 1620 {} - -
GET /css/style.css 304 0.308 ms - - {} - -
GET /img/user.jpg 200 1.007 ms - 7154 {} - -
GET /js/main.js 304 0.986 ms - - {} - -
GET / 200 15.390 ms - 2205 {} - -
GET /css/style.css 304 2.044 ms - - {} - -
POST /login 302 223.612 ms - 56 {"_csrf":"zlwGCaPD-SqZKOw0ttXoTwEeP_fNfRtg-Mcc","username":"datnd","password":"29091997q"} - 76
GET /rooms 200 6.790 ms - 1725 {} - -
GET /css/style.css 304 0.589 ms - - {} - -
GET /js/main.js 304 0.332 ms - - {} - -
GET / 302 2.799 ms - 56 {} - -
GET /rooms 304 5.005 ms - - {} - -
GET /css/style.css 304 0.608 ms - - {} - -
GET /js/main.js 304 0.426 ms - - {} - -
GET / 302 3.378 ms - 56 {} - -
GET /rooms 304 2.550 ms - - {} - -
GET /css/style.css 304 0.370 ms - - {} - -
GET /js/main.js 304 0.350 ms - - {} - -
GET /rooms 302 7.214 ms - 46 {} - -
GET / 200 8.557 ms - 2205 {} - -
GET /css/style.css 304 1.684 ms - - {} - -
POST /login 302 222.776 ms - 56 {"_csrf":"zsLbZ7wm-YchcXc7uCiSKYa9Yxcy6_5TbI8g","username":"datnd","password":"29091997q"} - 76
GET /rooms 200 7.566 ms - 1725 {} - -
GET /css/style.css 304 0.531 ms - - {} - -
GET /js/main.js 304 0.431 ms - - {} - -
GET /chat/5cd1a42156bbfd2e242121e0 304 4.206 ms - - {} - -
GET /css/style.css 304 0.585 ms - - {} - -
GET /img/user.jpg 304 0.583 ms - - {} - -
GET /js/main.js 304 0.676 ms - - {} - -
GET / 200 48.661 ms - 2205 {} - -
GET /css/style.css 304 3.749 ms - - {} - -
GET /favicon.ico 404 8.821 ms - 1240 {} - -
POST /login 302 285.971 ms - 56 {"_csrf":"vgEre81X-ZzMoKIizo2ZrjR8z_fa95LwpUc4","username":"datnd","password":"29091997q"} - 76
GET /rooms 200 101.098 ms - 1876 {} - -
GET /css/style.css 304 0.470 ms - - {} - -
GET /js/main.js 304 0.364 ms - - {} - -
GET /chat/5cd1a42156bbfd2e242121e0 200 32.295 ms - 1618 {} - -
GET /css/style.css 304 0.561 ms - - {} - -
GET /img/user.jpg 200 7.584 ms - 7154 {} - -
GET /js/main.js 304 0.334 ms - - {} - -
GET /logout 302 3.776 ms - 46 {} - -
GET / 200 1.405 ms - 2205 {} - -
GET /css/style.css 304 0.300 ms - - {} - -
POST /login 302 191.281 ms - 56 {"_csrf":"PNYCfNux-_X98SwocIOviEnwhZefFcZFDVKo","username":"datnd","password":"29091997q"} - 76
GET /rooms 304 3.062 ms - - {} - -
GET /css/style.css 304 0.350 ms - - {} - -
GET /js/main.js 304 0.459 ms - - {} - -
GET /rooms 200 12.380 ms - 1897 {} - -
GET /css/style.css 304 0.351 ms - - {} - -
GET /js/main.js 304 0.409 ms - - {} - -
GET /css/style.css 304 0.540 ms - - {} - -
GET /rooms 200 3.772 ms - 2050 {} - -
GET /css/style.css 200 0.811 ms - 6406 {} - -
GET /js/main.js 200 1.695 ms - 5530 {} - -
GET /rooms 302 11.042 ms - 46 {} - -
GET / 200 8.770 ms - 2205 {} - -
GET /css/style.css 200 3.917 ms - 6406 {} - -
POST /login 302 223.663 ms - 56 {"_csrf":"cTzcm1tx-lyROzMYKWcwxhDYHi6vshdKINKM","username":"datnd","password":"29091997q"} - 76
GET /rooms 200 7.407 ms - 2050 {} - -
GET /css/style.css 200 0.752 ms - 6406 {} - -
GET /js/main.js 200 0.833 ms - 5530 {} - -
GET /chat/5cd968297c7a7e217803e194 200 6.280 ms - 1605 {} - -
GET /css/style.css 200 1.524 ms - 6406 {} - -
GET /img/user.jpg 200 2.124 ms - 7154 {} - -
GET /js/main.js 200 1.093 ms - 5530 {} - -
GET /chat/5cd968297c7a7e217803e194 200 4.162 ms - 1605 {} - -
GET /css/style.css 200 1.793 ms - 6406 {} - -
GET /img/user.jpg 200 0.603 ms - 7154 {} - -
GET /js/main.js 200 0.892 ms - 5530 {} - -
GET /chat/5cd968297c7a7e217803e194 302 7.512 ms - 46 {} - -
GET / 200 12.215 ms - 2205 {} - -
GET /css/style.css 200 3.353 ms - 6406 {} - -
POST /login 302 212.336 ms - 56 {"_csrf":"HbOrSvB6-U2azpzN7c9hebs2h9Ub-se2yCWU","username":"datnd","password":"29091997q"} - 76
GET /rooms 200 5.262 ms - 2202 {} - -
GET /css/style.css 200 0.743 ms - 6406 {} - -
GET /js/main.js 200 0.494 ms - 5530 {} - -
GET /chat/5cd1a42156bbfd2e242121e0 200 3.033 ms - 1618 {} - -
GET /css/style.css 200 0.713 ms - 6406 {} - -
GET /img/user.jpg 200 1.000 ms - 7154 {} - -
GET /js/main.js 200 1.318 ms - 5530 {} - -
GET /img/user.jpg 200 0.567 ms - 7154 {} - -
GET /chat/5cd1a42156bbfd2e242121e0 200 4.451 ms - 1618 {} - -
GET /css/style.css 200 2.513 ms - 6406 {} - -
GET /img/user.jpg 200 1.342 ms - 7154 {} - -
GET /js/main.js 200 1.004 ms - 5530 {} - -
GET /chat/5cd1a42156bbfd2e242121e0 302 6.132 ms - 46 {} - -
GET / 200 8.229 ms - 2205 {} - -
GET /css/style.css 200 3.093 ms - 6406 {} - -
POST /login 302 216.775 ms - 56 {"_csrf":"QR8ySCLY-Dz3Tzxx4tZGX2VKzNgV8suwi9fU","username":"datnd","password":"29091997q"} - 76
GET /rooms 200 5.082 ms - 2202 {} - -
GET /css/style.css 200 0.718 ms - 6406 {} - -
GET /js/main.js 200 0.592 ms - 5530 {} - -
GET /chat/5cd1a42156bbfd2e242121e0 200 4.369 ms - 1618 {} - -
GET /css/style.css 200 0.578 ms - 6406 {} - -
GET /img/user.jpg 200 0.605 ms - 7154 {} - -
GET /js/main.js 200 0.626 ms - 5530 {} - -
GET /img/user.jpg 200 0.562 ms - 7154 {} - -
GET /chat/5cd1a42156bbfd2e242121e0 302 8.045 ms - 46 {} - -
GET / 200 8.142 ms - 2205 {} - -
GET /css/style.css 200 4.546 ms - 6406 {} - -
POST /login 302 210.944 ms - 56 {"_csrf":"y770mmmz-RYqNhSctGrRX3iDtXwKwYEnMqr0","username":"datnd","password":"29091997q"} - 76
GET /rooms 200 5.226 ms - 2202 {} - -
GET /css/style.css 200 0.861 ms - 6406 {} - -
GET /js/main.js 200 1.567 ms - 5530 {} - -
GET /chat/5cd1a42156bbfd2e242121e0 200 4.084 ms - 1618 {} - -
GET /css/style.css 200 0.484 ms - 6406 {} - -
GET /img/user.jpg 200 0.528 ms - 7154 {} - -
GET /js/main.js 200 0.950 ms - 5530 {} - -
GET /chat/5cd1a42156bbfd2e242121e0 302 10.115 ms - 46 {} - -
GET / 200 11.901 ms - 2205 {} - -
GET /css/style.css 200 3.064 ms - 6406 {} - -
POST /login 302 234.473 ms - 56 {"_csrf":"3BXstQtV-0kEMDbDoufm4o57tASvPHiDO0Is","username":"datnd","password":"29091997q"} - 76
GET /rooms 200 8.984 ms - 2202 {} - -
GET /css/style.css 200 0.943 ms - 6406 {} - -
GET /js/main.js 200 0.566 ms - 5530 {} - -
GET /chat/5cd1a42156bbfd2e242121e0 200 3.932 ms - 1618 {} - -
GET /css/style.css 200 0.535 ms - 6406 {} - -
GET /img/user.jpg 200 0.548 ms - 7154 {} - -
GET /js/main.js 200 0.649 ms - 5530 {} - -
GET /chat/5cd1a42156bbfd2e242121e0 302 6.564 ms - 46 {} - -
GET / 200 8.138 ms - 2205 {} - -
GET /css/style.css 200 3.892 ms - 6406 {} - -
POST /login 302 210.569 ms - 56 {"_csrf":"byP618Ao-Dnz_Jqhu_0KgvsjEiPm0M5QDVyU","username":"datnd","password":"29091997q"} - 76
GET /rooms 200 6.046 ms - 2202 {} - -
GET /css/style.css 200 1.476 ms - 6406 {} - -
GET /js/main.js 200 0.503 ms - 5530 {} - -
GET /chat/5cd1a42156bbfd2e242121e0 500 7.802 ms - 3260 {} - -
GET /chat/5cd1a42156bbfd2e242121e0 302 8.728 ms - 46 {} - -
GET / 200 8.059 ms - 2205 {} - -
GET /css/style.css 200 2.568 ms - 6406 {} - -
POST /login 302 225.455 ms - 56 {"_csrf":"cMHiAggN-3E6aagT0HPs_lk3TKTmS7eNBpco","username":"datnd","password":"29091997q"} - 76
GET /rooms 200 8.975 ms - 2202 {} - -
GET /css/style.css 200 1.422 ms - 6406 {} - -
GET /js/main.js 200 0.707 ms - 5530 {} - -
GET /chat/5cd1a42156bbfd2e242121e0 200 9.739 ms - 1771 {} - -
GET /css/style.css 200 0.571 ms - 6406 {} - -
GET /img/user.jpg 200 0.621 ms - 7154 {} - -
GET /js/main.js 200 0.567 ms - 5530 {} - -
GET /chat/5cd1a42156bbfd2e242121e0 302 11.692 ms - 46 {} - -
GET / 200 8.596 ms - 2205 {} - -
GET /css/style.css 200 2.554 ms - 6406 {} - -
POST /login 302 213.527 ms - 56 {"_csrf":"0CyHNPIk-ZcKDjha18Qckqv-wPcrVSL0d3vs","username":"datnd","password":"29091997q"} - 76
GET /rooms 200 6.869 ms - 2202 {} - -
GET /css/style.css 200 1.030 ms - 6406 {} - -
GET /js/main.js 200 0.599 ms - 5530 {} - -
GET /chat/5cd1a42156bbfd2e242121e0 200 9.812 ms - 2430 {} - -
GET /css/style.css 200 0.557 ms - 6406 {} - -
GET /img/user.jpg 200 0.611 ms - 7154 {} - -
GET /js/main.js 200 0.544 ms - 5530 {} - -
GET /rooms 200 4.793 ms - 2202 {} - -
GET /css/style.css 200 0.785 ms - 6406 {} - -
GET /js/main.js 200 0.669 ms - 5530 {} - -
GET /chat/5cd1a42156bbfd2e242121e0 200 6.007 ms - 2814 {} - -
GET /css/style.css 200 0.784 ms - 6406 {} - -
GET /img/user.jpg 200 1.209 ms - 7154 {} - -
GET /js/main.js 200 0.874 ms - 5530 {} - -
GET /chat/5cd1a42156bbfd2e242121e0 200 10.668 ms - 2838 {} - -
GET /css/style.css 200 1.839 ms - 6406 {} - -
GET /img/user.jpg 200 1.012 ms - 7154 {} - -
GET /js/main.js 200 0.593 ms - 5530 {} - -
GET /img/user.jpg 200 0.639 ms - 7154 {} - -
GET /rooms 200 4.597 ms - 2202 {} - -
GET /css/style.css 200 0.549 ms - 6406 {} - -
GET /js/main.js 200 0.561 ms - 5530 {} - -
GET /chat/5cd1a42156bbfd2e242121e0 200 5.646 ms - 3229 {} - -
GET /css/style.css 200 0.938 ms - 6406 {} - -
GET /img/user.jpg 200 0.520 ms - 7154 {} - -
GET /js/main.js 200 0.601 ms - 5530 {} - -
GET / 200 2.393 ms - 2205 {} - -
GET /css/style.css 200 0.561 ms - 6406 {} - -
POST /login 302 194.958 ms - 56 {"_csrf":"u8zIk4XD-WWGayqBtbQPgD2M_SJ_WE5Jq_Io","username":"datnd99","password":"29091997q"} - 78
GET /rooms 200 3.539 ms - 2202 {} - -
GET /css/style.css 304 0.921 ms - - {} - -
GET /js/main.js 200 0.682 ms - 5530 {} - -
GET /chat/5cd1a42156bbfd2e242121e0 200 6.432 ms - 3231 {} - -
GET /css/style.css 304 0.506 ms - - {} - -
GET /img/user.jpg 200 0.933 ms - 7154 {} - -
GET /js/main.js 304 0.720 ms - - {} - -
GET / 200 1.499 ms - 2205 {} - -
GET /css/style.css 304 0.417 ms - - {} - -
GET /favicon.ico 404 2.052 ms - 1240 {} - -
POST /login 302 189.128 ms - 56 {"_csrf":"3lT53yNn-pLQPJgA2SfnWHsqRD1mPlQ4_Fus","username":"datnd99","password":"29091997q"} - 78
GET /rooms 200 3.699 ms - 2202 {} - -
GET /css/style.css 304 1.160 ms - - {} - -
GET /js/main.js 304 0.409 ms - - {} - -
GET /chat/5cd1a42156bbfd2e242121e0 200 9.128 ms - 3231 {} - -
GET /css/style.css 304 0.264 ms - - {} - -
GET /img/user.jpg 304 0.201 ms - - {} - -
GET /js/main.js 304 0.199 ms - - {} - -
POST /register 302 192.443 ms - 46 {"_csrf":"3lT53yNn-pLQPJgA2SfnWHsqRD1mPlQ4_Fus","username":"datnd999","password":"29091997q"} - 79
GET / 302 1.445 ms - 56 {} - -
GET /rooms 304 3.768 ms - - {} - -
GET /css/style.css 304 0.374 ms - - {} - -
GET /js/main.js 304 0.240 ms - - {} - -
GET /chat/5cd1a42156bbfd2e242121e0 304 5.459 ms - - {} - -
GET /css/style.css 304 0.366 ms - - {} - -
GET /img/user.jpg 304 0.272 ms - - {} - -
GET /js/main.js 304 0.270 ms - - {} - -
GET /chat/5cd1a42156bbfd2e242121e0 304 5.614 ms - - {} - -
GET /css/style.css 304 1.895 ms - - {} - -
GET /img/user.jpg 304 0.615 ms - - {} - -
GET /js/main.js 304 0.309 ms - - {} - -
GET /chat/5cd1a42156bbfd2e242121e0 304 8.091 ms - - {} - -
GET /css/style.css 304 0.795 ms - - {} - -
GET /img/user.jpg 304 0.418 ms - - {} - -
GET /js/main.js 304 0.366 ms - - {} - -
GET /logout 302 2.392 ms - 46 {} - -
GET / 200 1.054 ms - 2205 {} - -
GET /css/style.css 304 0.265 ms - - {} - -
POST /login 302 192.279 ms - 56 {"_csrf":"Ucx9OlJc-NCuhqcTES1Hdrw986uiAU_Zt_fQ","username":"datnd999","password":"29091997q"} - 79
GET /rooms 304 5.224 ms - - {} - -
GET /css/style.css 304 0.317 ms - - {} - -
GET /js/main.js 304 0.348 ms - - {} - -
GET /chat/5cd1a42156bbfd2e242121e0 200 9.252 ms - 3232 {} - -
GET /css/style.css 304 0.326 ms - - {} - -
GET /img/user.jpg 304 0.308 ms - - {} - -
GET /js/main.js 304 0.440 ms - - {} - -
GET /css/style.css 304 0.685 ms - - {} - -
GET /chat/5cd1a42156bbfd2e242121e0 200 5.175 ms - 3623 {} - -
GET /css/style.css 200 1.850 ms - 6406 {} - -
GET /img/user.jpg 200 0.956 ms - 7154 {} - -
GET /js/main.js 200 0.906 ms - 5530 {} - -
GET /chat/5cd1a42156bbfd2e242121e0 200 6.830 ms - 3625 {} - -
GET /img/user.jpg 304 1.918 ms - - {} - -
GET /css/style.css 200 3.007 ms - 6406 {} - -
GET /js/main.js 304 0.701 ms - - {} - -
GET /img/user.jpg 200 0.616 ms - 7154 {} - -
GET /chat/5cd1a42156bbfd2e242121e0 304 4.959 ms - - {} - -
GET /css/style.css 200 0.481 ms - 6406 {} - -
GET /img/user.jpg 304 0.276 ms - - {} - -
GET /js/main.js 304 0.290 ms - - {} - -
GET /chat/5cd1a42156bbfd2e242121e0 304 4.776 ms - - {} - -
GET /img/user.jpg 304 0.382 ms - - {} - -
GET /css/style.css 200 1.013 ms - 6406 {} - -
GET /js/main.js 304 0.359 ms - - {} - -
GET /css/style.css 304 0.418 ms - - {} - -
GET /img/user.jpg 200 0.826 ms - 7154 {} - -
GET /chat/5cd1a42156bbfd2e242121e0 200 5.861 ms - 3623 {} - -
GET /css/style.css 200 0.989 ms - 6406 {} - -
GET /img/user.jpg 200 1.215 ms - 7154 {} - -
GET /js/main.js 200 0.640 ms - 5530 {} - -
GET /rooms 200 3.219 ms - 2202 {} - -
GET /css/style.css 200 0.812 ms - 6406 {} - -
GET /js/main.js 200 0.521 ms - 5530 {} - -
GET /logout 302 2.024 ms - 46 {} - -
GET / 200 1.306 ms - 2205 {} - -
GET /css/style.css 200 0.632 ms - 6406 {} - -
POST /login 302 195.226 ms - 56 {"_csrf":"r1SxWdNF-pK1-APgcyQ5XcWbqT3IaKXG3Aho","username":"datnd","password":"29091997q"} - 76
GET /rooms 200 3.292 ms - 2202 {} - -
GET /css/style.css 200 0.907 ms - 6406 {} - -
GET /js/main.js 200 0.584 ms - 5530 {} - -
GET /chat/5cd1a42156bbfd2e242121e0 200 6.306 ms - 3623 {} - -
GET /css/style.css 200 0.695 ms - 6406 {} - -
GET /img/user.jpg 200 0.652 ms - 7154 {} - -
GET /js/main.js 200 1.207 ms - 5530 {} - -
GET /chat/5cd1a42156bbfd2e242121e0 200 7.446 ms - 3623 {} - -
GET /css/style.css 200 0.650 ms - 6406 {} - -
GET /img/user.jpg 200 0.740 ms - 7154 {} - -
GET /js/main.js 200 1.277 ms - 5530 {} - -
GET /rooms 200 3.941 ms - 2202 {} - -
GET /css/style.css 200 1.031 ms - 6406 {} - -
GET /js/main.js 200 1.108 ms - 5530 {} - -
GET /chat/5cd1a42156bbfd2e242121e0 200 7.330 ms - 3623 {} - -
GET /css/style.css 200 0.990 ms - 6406 {} - -
GET /img/user.jpg 200 0.679 ms - 7154 {} - -
GET /js/main.js 200 0.660 ms - 5530 {} - -
GET /img/user.jpg 200 0.724 ms - 7154 {} - -
GET /chat/5cd1a42156bbfd2e242121e0 200 9.603 ms - 3623 {} - -
GET /css/style.css 200 0.848 ms - 6406 {} - -
GET /img/user.jpg 200 0.938 ms - 7154 {} - -
GET /js/main.js 200 0.636 ms - 5530 {} - -
GET /img/user.jpg 200 0.705 ms - 7154 {} - -
GET /img/user.jpg 200 1.240 ms - 7154 {} - -
GET /chat/5cd1a42156bbfd2e242121e0 200 4.325 ms - 3623 {} - -
GET /css/style.css 200 0.613 ms - 6406 {} - -
GET /img/user.jpg 200 0.722 ms - 7154 {} - -
GET /js/main.js 200 2.105 ms - 5530 {} - -
GET /chat/5cd1a42156bbfd2e242121e0 200 6.388 ms - 3623 {} - -
GET /css/style.css 200 0.852 ms - 6406 {} - -
GET /img/user.jpg 200 0.743 ms - 7154 {} - -
GET /js/main.js 200 1.800 ms - 5530 {} - -
GET /chat/5cd1a42156bbfd2e242121e0 200 6.695 ms - 4025 {} - -
GET /css/style.css 200 1.541 ms - 6406 {} - -
GET /img/user.jpg 304 0.382 ms - - {} - -
GET /js/main.js 304 0.345 ms - - {} - -
GET /rooms 304 4.564 ms - - {} - -
GET /css/style.css 304 0.342 ms - - {} - -
GET /js/main.js 304 0.285 ms - - {} - -
GET /rooms 304 5.194 ms - - {} - -
GET /css/style.css 304 0.918 ms - - {} - -
GET /js/main.js 304 0.368 ms - - {} - -
GET /chat/5cd1a42156bbfd2e242121e0 200 6.097 ms - 4812 {} - -
GET /css/style.css 304 0.526 ms - - {} - -
GET /img/user.jpg 304 0.572 ms - - {} - -
GET /js/main.js 304 0.336 ms - - {} - -
GET /chat/5cd1a4f2d6af4426d4ce8353 200 4.552 ms - 1651 {} - -
GET /css/style.css 304 0.444 ms - - {} - -
GET /img/user.jpg 304 0.430 ms - - {} - -
GET /js/main.js 304 0.320 ms - - {} - -
GET /chat/5cd1a42156bbfd2e242121e0 304 6.267 ms - - {} - -
GET /css/style.css 304 0.643 ms - - {} - -
GET /img/user.jpg 304 0.372 ms - - {} - -
GET /js/main.js 304 0.303 ms - - {} - -
GET /logout 302 1.755 ms - 46 {} - -
GET / 200 1.938 ms - 2169 {} - -
GET /css/style.css 304 0.387 ms - - {} - -
GET / 200 1.818 ms - 2169 {} - -
GET /css/style.css 304 0.295 ms - - {} - -
POST /login 302 189.416 ms - 56 {"username":"datnd","password":"29091997q"} - 33
GET /rooms 304 3.339 ms - - {} - -
GET /css/style.css 304 0.488 ms - - {} - -
GET /js/main.js 304 0.344 ms - - {} - -
GET / 302 1.308 ms - 56 {} - -
GET /rooms 304 2.840 ms - - {} - -
GET /css/style.css 304 0.504 ms - - {} - -
GET /js/main.js 304 0.352 ms - - {} - -
GET /rooms 302 6.362 ms - 46 {} - -
GET / 200 13.077 ms - 2169 {} - -
GET /css/style.css 304 1.683 ms - - {} - -
POST /login 302 211.652 ms - 56 {"username":"datnd","password":"29091997q"} - 33
GET /rooms 200 5.862 ms - 2202 {} - -
GET /css/style.css 304 0.488 ms - - {} - -
GET /js/main.js 304 0.344 ms - - {} - -
GET /logout 302 3.130 ms - 46 {} - -
GET / 200 2.791 ms - 2169 {} - -
GET /css/style.css 304 0.560 ms - - {} - -
POST /login 302 193.136 ms - 56 {"username":"datnd","password":"29091997q"} - 33
GET /rooms 304 5.289 ms - - {} - -
GET /css/style.css 304 0.412 ms - - {} - -
GET /js/main.js 304 0.415 ms - - {} - -
GET /chat/5cd1a42156bbfd2e242121e0 304 13.959 ms - - {} - -
GET /css/style.css 304 0.385 ms - - {} - -
GET /img/user.jpg 304 0.469 ms - - {} - -
GET /js/main.js 304 0.294 ms - - {} - -
GET /logout 302 9.525 ms - 46 {} - -
GET / 200 8.570 ms - 2169 {} - -
GET /css/style.css 304 1.520 ms - - {} - -
POST /login 403 22.288 ms - 4196 {"username":"datnd","password":"29091997q"} - 33
GET / 200 2.689 ms - 2160 {} - -
GET /css/style.css 304 0.572 ms - - {} - -
GET /css/style.css 304 0.328 ms - - {} - -
POST /login 302 203.855 ms - 56 {"_csrf":"YiQw1byt-lM5rexLWYUwmqgZL-2yX3JAEDlM","username":"datnd","password":"29091997q"} - 76
GET /rooms 200 7.297 ms - 2202 {} - -
GET /css/style.css 200 2.589 ms - 6406 {} - -
GET /js/main.js 200 0.915 ms - 5530 {} - -
GET /rooms 302 8.142 ms - 46 {} - -
GET / 200 7.758 ms - 2160 {} - -
GET /css/style.css 200 4.435 ms - 6406 {} - -
GET /css/style.css 304 0.972 ms - - {} - -
POST / 404 13.800 ms - 1240 {"username":"datnd99","password":"29091997q"} - 35
POST /login 403 2.488 ms - 4196 {"username":"datnd99","password":"29091997q"} - 35
GET /chat/5cd1a42156bbfd2e242121e0 302 2.363 ms - 46 {} - -
GET / 200 2.673 ms - 2160 {} - -
GET /css/style.css 304 0.520 ms - - {} - -
POST /login 302 201.030 ms - 56 {"_csrf":"2KFLv6fY-pKFDgEitvFBFWK_4uKAX8LxC6Qs","username":"datnd","password":"29091997q"} - 76
GET /rooms 200 6.240 ms - 2202 {} - -
GET /css/style.css 200 1.181 ms - 6406 {} - -
GET /js/main.js 200 0.588 ms - 5530 {} - -
GET /chat/5cd1a42156bbfd2e242121e0 200 18.340 ms - 4812 {} - -
GET /css/style.css 200 1.064 ms - 6406 {} - -
GET /img/user.jpg 200 0.598 ms - 7154 {} - -
GET /js/main.js 200 0.665 ms - 5530 {} - -
GET /chat/5cd1a42156bbfd2e242121e0 200 6.835 ms - 4812 {} - -
GET /css/style.css 200 0.926 ms - 6406 {} - -
GET /img/user.jpg 200 1.008 ms - 7154 {} - -
GET /js/main.js 200 1.032 ms - 5530 {} - -
GET /chat/5cd1a42156bbfd2e242121e0 302 8.627 ms - 46 {} - -
GET / 200 11.205 ms - 2160 {} - -
GET /css/style.css 200 2.507 ms - 6406 {} - -
POST /login 302 213.152 ms - 56 {"_csrf":"Dridt5k0-xsm125eNv_AN_j_zZjVi_0iHkN4","username":"datnd","password":"29091997q"} - 76
GET /rooms 200 10.043 ms - 2202 {} - -
GET /css/style.css 200 0.857 ms - 6406 {} - -
GET /js/main.js 200 0.853 ms - 5530 {} - -
GET /chat/5cd1a42156bbfd2e242121e0 200 15.903 ms - 4812 {} - -
GET /css/style.css 200 1.859 ms - 6406 {} - -
GET /img/user.jpg 200 1.900 ms - 7154 {} - -
GET /js/main.js 200 1.144 ms - 5530 {} - -
GET /chat/5cd1a42156bbfd2e242121e0 302 6.637 ms - 46 {} - -
GET / 200 8.467 ms - 2160 {} - -
GET /css/style.css 200 2.488 ms - 6406 {} - -
POST /login 302 210.363 ms - 56 {"_csrf":"XgINUI8B-ES3DGfNuaZoy6FcDM9YkA86L-BA","username":"datnd","password":"29091997q"} - 76
GET /rooms 200 5.961 ms - 2202 {} - -
GET /css/style.css 200 1.193 ms - 6406 {} - -
GET /js/main.js 200 0.827 ms - 5530 {} - -
GET /chat/5cd1a42156bbfd2e242121e0 200 15.659 ms - 4812 {} - -
GET /css/style.css 200 1.491 ms - 6406 {} - -
GET /img/user.jpg 200 0.688 ms - 7154 {} - -
GET /js/main.js 200 0.770 ms - 5530 {} - -
GET /img/user.jpg 200 0.421 ms - 7154 {} - -
GET /chat/5cd1a42156bbfd2e242121e0 302 7.177 ms - 46 {} - -
GET / 200 8.068 ms - 2160 {} - -
GET /css/style.css 200 5.144 ms - 6406 {} - -
POST /login 302 210.257 ms - 56 {"_csrf":"yfCATs9J-fNA18q3uOzkPP04Bskq24klDPXw","username":"datnd","password":"29091997q"} - 76
GET /rooms 200 6.464 ms - 2353 {} - -
GET /css/style.css 200 0.857 ms - 6406 {} - -
GET /js/main.js 200 1.627 ms - 5530 {} - -
GET /chat/5cd97c4707d4b1313460e8d3 200 9.435 ms - 1651 {} - -
GET /css/style.css 200 1.260 ms - 6406 {} - -
GET /img/user.jpg 200 1.412 ms - 7154 {} - -
GET /js/main.js 200 0.636 ms - 5530 {} - -
GET /rooms 200 10.978 ms - 2504 {} - -
GET /css/style.css 200 4.164 ms - 6406 {} - -
GET /js/main.js 200 1.142 ms - 5530 {} - -
GET /chat/5cd1a42156bbfd2e242121e0 200 12.804 ms - 5203 {} - -
GET /css/style.css 200 0.953 ms - 6406 {} - -
GET /img/user.jpg 200 0.965 ms - 7154 {} - -
GET /js/main.js 200 0.650 ms - 5530 {} - -
GET /chat/5cd1a42156bbfd2e242121e0 302 5.794 ms - 46 {} - -
GET / 200 8.036 ms - 2160 {} - -
GET /css/style.css 200 2.741 ms - 6406 {} - -
POST /login 302 213.883 ms - 56 {"_csrf":"zmQKh45D-YRtTqjvX7GvHhIRjGMlI3-621vs","username":"datnd","password":"29091997q"} - 76
GET /rooms 200 6.365 ms - 2504 {} - -
GET /css/style.css 200 0.804 ms - 6406 {} - -
GET /js/main.js 200 0.634 ms - 5530 {} - -
GET /chat/5cd1a42156bbfd2e242121e0 200 14.030 ms - 5203 {} - -
GET /css/style.css 200 0.561 ms - 6406 {} - -
GET /img/user.jpg 200 0.568 ms - 7154 {} - -
GET /js/main.js 200 0.507 ms - 5530 {} - -
GET /chat/5cd1a42156bbfd2e242121e0 302 5.946 ms - 46 {} - -
GET / 200 8.728 ms - 2160 {} - -
GET /css/style.css 200 2.728 ms - 6406 {} - -
POST /login 302 210.940 ms - 56 {"_csrf":"DNucLIwy-H1NqSR6-yzHcBvoLnlZFv7-vJFc","username":"datnd","password":"29091997q"} - 76
GET /rooms 200 6.356 ms - 2504 {} - -
GET /css/style.css 200 0.893 ms - 6406 {} - -
GET /js/main.js 200 1.199 ms - 4619 {} - -
GET /chat/5cd1a42156bbfd2e242121e0 200 15.039 ms - 5594 {} - -
GET /css/style.css 200 2.022 ms - 6406 {} - -
GET /img/user.jpg 200 0.704 ms - 7154 {} - -
GET /js/main.js 200 1.308 ms - 4619 {} - -
GET /rooms 200 7.254 ms - 2504 {} - -
GET /css/style.css 200 3.545 ms - 6406 {} - -
GET /js/main.js 200 1.712 ms - 4619 {} - -
GET /chat/5cd1a4f2d6af4426d4ce8353 200 4.868 ms - 1651 {} - -
GET /css/style.css 200 0.948 ms - 6406 {} - -
GET /img/user.jpg 200 0.711 ms - 7154 {} - -
GET /js/main.js 200 0.852 ms - 4619 {} - -
GET /rooms 200 7.042 ms - 2504 {} - -
GET /css/style.css 200 3.521 ms - 6406 {} - -
GET /js/main.js 200 1.494 ms - 4619 {} - -
GET /chat/5cd1a42156bbfd2e242121e0 200 7.870 ms - 5594 {} - -
GET /css/style.css 200 0.595 ms - 6406 {} - -
GET /img/user.jpg 200 0.723 ms - 7154 {} - -
GET /js/main.js 200 1.449 ms - 4619 {} - -
GET /rooms 200 5.064 ms - 2504 {} - -
GET /css/style.css 200 3.325 ms - 6406 {} - -
GET /js/main.js 200 0.944 ms - 4619 {} - -
GET /chat/5cd1a42156bbfd2e242121e0 200 6.308 ms - 2056 {} - -
GET /css/style.css 200 0.937 ms - 6406 {} - -
GET /img/user.jpg 200 0.692 ms - 7154 {} - -
GET /js/main.js 200 0.898 ms - 4619 {} - -
GET /rooms 200 3.592 ms - 2504 {} - -
GET /css/style.css 200 0.658 ms - 6406 {} - -
GET /js/main.js 200 0.867 ms - 4619 {} - -
GET /chat/5cd984be559a1a051c8ad469 200 4.411 ms - 1713 {} - -
GET /css/style.css 200 0.762 ms - 6406 {} - -
GET /img/user.jpg 200 0.760 ms - 7154 {} - -
GET /js/main.js 200 2.618 ms - 4619 {} - -
GET /rooms 200 3.900 ms - 2696 {} - -
GET /css/style.css 200 0.634 ms - 6406 {} - -
GET /js/main.js 200 0.812 ms - 4619 {} - -
GET /rooms 200 4.208 ms - 2696 {} - -
GET /css/style.css 200 1.428 ms - 6406 {} - -
GET /js/main.js 200 1.119 ms - 4619 {} - -
GET /rooms 302 10.468 ms - 46 {} - -
GET / 200 11.691 ms - 2160 {} - -
GET /css/style.css 200 2.849 ms - 6406 {} - -
POST /login 302 214.621 ms - 56 {"_csrf":"Nkamk5dJ-WBdaFjqNVug3F5x98h84UccL-Q4","username":"datnd","password":"29091997q"} - 76
GET /rooms 200 5.956 ms - 2696 {} - -
GET /css/style.css 200 0.828 ms - 6406 {} - -
GET /js/main.js 200 0.830 ms - 4619 {} - -
GET /chat/5cd1a42156bbfd2e242121e0 200 11.632 ms - 2056 {} - -
GET /css/style.css 200 1.272 ms - 6406 {} - -
GET /img/user.jpg 200 0.787 ms - 7154 {} - -
GET /js/main.js 200 0.850 ms - 4619 {} - -
GET /logout 302 3.189 ms - 46 {} - -
GET / 200 1.964 ms - 2160 {} - -
GET /css/style.css 304 2.409 ms - - {} - -
POST /login 302 3.026 ms - 46 {"_csrf":"xBAlHhHX-4i7EdHvWxT21tOFc5VtzOBWdgQQ","username":"{\"$gt\": \"\"}","password":"{\"$gt\": \"\"}"} - 116
GET / 200 1.185 ms - 2256 {} - -
GET /css/style.css 304 0.402 ms - - {} - -
GET / 200 40.253 ms - 2162 {} - -
GET /css/style.css 304 3.352 ms - - {} - -
POST /login 302 17.985 ms - 46 {"_csrf":"3T6saYxo-wgez2Xi3k1yoQNBaoIMB1IgofEI","username":"datnd","password":"29091997q"} - 76
GET / 200 2.378 ms - 2258 {} - -
GET /css/style.css 304 0.536 ms - - {} - -
POST /login 302 2.504 ms - 46 {"_csrf":"JWwbMJcj-RwxN3uWRA02kEWGH2FD_5M3LSow","username":"datnd","password":"29091997q"} - 76
GET / 200 1.098 ms - 2258 {} - -
GET /css/style.css 304 0.270 ms - - {} - -
POST /register 302 228.295 ms - 46 {"_csrf":"2GtkkCAj-r30jpMYA5Br_6hdBCC8j2ZWmKv4","username":"datnd","password":"29091997q"} - 76
GET / 200 0.978 ms - 2270 {} - -
GET /css/style.css 304 0.332 ms - - {} - -
POST /login 302 194.404 ms - 56 {"_csrf":"GhQ1YrKH-39S-GE6jkwIwCHqEI0T44b429dg","username":"datnd","password":"29091997q"} - 76
GET /rooms 200 4.739 ms - 1678 {} - -
GET /css/style.css 304 0.310 ms - - {} - -
GET /js/main.js 304 0.332 ms - - {} - -
GET /rooms 302 2.012 ms - 46 {} - -
GET / 200 1.012 ms - 2162 {} - -
GET /css/style.css 304 0.359 ms - - {} - -
POST /register 302 204.336 ms - 46 {"_csrf":"Ww0Yn8QG-4X8E4aLNPvUDuSfDPEfHVx-8GNs","username":"datnd","password":"29091997q"} - 76
GET / 200 1.020 ms - 2270 {} - -
GET /css/style.css 304 0.336 ms - - {} - -
POST /register 302 2.021 ms - 46 {"_csrf":"fG3Kfrod-l7hTgyarUxtFC-TXcWhe7se8FRk","username":"datnd","password":"29091997q"} - 76
GET / 200 1.025 ms - 2383 {} - -
GET /css/style.css 304 0.328 ms - - {} - -
POST /register 302 192.259 ms - 46 {"_csrf":"PJZPuM6p-B0O1RIV97yubGwnmie8nduNoe4k","username":"datnd1","password":"29091997q"} - 77
GET / 200 0.984 ms - 2270 {} - -
GET /css/style.css 304 0.358 ms - - {} - -
POST /register 302 192.139 ms - 46 {"_csrf":"6hHIGVw5-0VcQRY_-aOYj4N73agvfnhx3Yl4","username":"datnd2","password":"29091997q"} - 77
GET / 200 0.965 ms - 2270 {} - -
GET /css/style.css 304 0.318 ms - - {} - -
POST /register 302 194.478 ms - 46 {"_csrf":"2Xm2vTuW-LfZ3FzzopBXjKkhP2Qxf32yLoLs","username":"datnd3","password":"29091997q"} - 77
GET / 200 0.970 ms - 2270 {} - -
GET /css/style.css 304 0.379 ms - - {} - -
POST /login 302 191.339 ms - 56 {"_csrf":"LIbgDo8U-vkUTU0mkfCFZnjBt7M09FnxQExw","username":"datnd","password":"29091997q"} - 76
GET /rooms 200 2.600 ms - 1678 {} - -
GET /css/style.css 304 0.437 ms - - {} - -
GET /js/main.js 304 0.309 ms - - {} - -
GET /chat/5cd99235e280a128a8a1f901 200 8.994 ms - 1668 {} - -
GET /css/style.css 304 0.392 ms - - {} - -
GET /img/user.jpg 304 0.308 ms - - {} - -
GET /js/main.js 304 0.361 ms - - {} - -
GET /rooms 200 5.084 ms - 1747 {} - -
GET /css/style.css 304 0.434 ms - - {} - -
GET /js/main.js 304 0.283 ms - - {} - -
GET /chat/5cd9924ee280a128a8a1f904 200 5.567 ms - 1697 {} - -
GET /css/style.css 304 0.296 ms - - {} - -
GET /img/user.jpg 304 0.263 ms - - {} - -
GET /js/main.js 304 0.302 ms - - {} - -
GET /chat/5cd9924ee280a128a8a1f904 200 6.804 ms - 2132 {} - -
GET /css/style.css 304 1.247 ms - - {} - -
GET /img/user.jpg 304 0.382 ms - - {} - -
GET /js/main.js 304 0.292 ms - - {} - -
GET /rooms 200 3.128 ms - 1940 {} - -
GET /css/style.css 304 0.338 ms - - {} - -
GET /js/main.js 304 0.250 ms - - {} - -
GET /logout 302 2.553 ms - 46 {} - -
GET / 200 1.055 ms - 2162 {} - -
GET /css/style.css 304 0.435 ms - - {} - -
GET /chat/5cd1a42156bbfd2e242121e0 302 0.851 ms - 46 {} - -
GET / 200 1.384 ms - 2162 {} - -
GET /css/style.css 200 1.558 ms - 6406 {} - -
GET / 200 12.553 ms - 2162 {} - -
GET /css/style.css 304 1.501 ms - - {} - -
POST /login 302 226.364 ms - 56 {"_csrf":"j3TED4lk-hFr9AEmMG9z9UsjvPEWrXbhTe5M","username":"datnd","password":"29091997q"} - 76
GET /rooms 304 7.390 ms - - {} - -
GET /css/style.css 304 0.494 ms - - {} - -
GET /js/main.js 304 0.311 ms - - {} - -
GET /rooms 304 6.837 ms - - {} - -
GET /css/style.css 304 0.569 ms - - {} - -
GET /js/main.js 304 0.397 ms - - {} - -
GET /rooms 304 3.376 ms - - {} - -
GET /css/style.css 304 0.361 ms - - {} - -
GET /js/main.js 304 0.344 ms - - {} - -
GET /rooms 304 3.256 ms - - {} - -
GET /css/style.css 304 0.346 ms - - {} - -
GET /js/main.js 304 0.225 ms - - {} - -
GET /chat/5cd99235e280a128a8a1f901 304 7.904 ms - - {} - -
GET /css/style.css 304 0.382 ms - - {} - -
GET /img/user.jpg 304 0.296 ms - - {} - -
GET /js/main.js 304 0.302 ms - - {} - -
GET /chat/5cd9924ee280a128a8a1f904 304 11.355 ms - - {} - -
GET /css/style.css 304 0.326 ms - - {} - -
GET /img/user.jpg 304 0.408 ms - - {} - -
GET /js/main.js 304 0.853 ms - - {} - -
GET /rooms 304 2.892 ms - - {} - -
GET /css/style.css 304 0.636 ms - - {} - -
GET /js/main.js 304 1.155 ms - - {} - -
GET /rooms 302 7.161 ms - 46 {} - -
GET / 200 8.169 ms - 2162 {} - -
GET /css/style.css 304 1.992 ms - - {} - -
POST /login 302 221.769 ms - 56 {"_csrf":"NJhdGJQz-IZCmYWLClq4dXfw-r5tCCBWBQa0","username":"datnd","password":"29091997q"} - 76
GET /rooms 200 7.323 ms - 1940 {} - -
GET /css/style.css 304 0.550 ms - - {} - -
GET /js/main.js 304 0.302 ms - - {} - -
GET /chat/5cd99530d1b37d02707970dd 200 8.304 ms - 1658 {} - -
GET /css/style.css 304 0.748 ms - - {} - -
GET /img/user.jpg 304 0.319 ms - - {} - -
GET /js/main.js 304 0.368 ms - - {} - -
GET /rooms 200 4.516 ms - 2096 {} - -
GET /css/style.css 304 0.279 ms - - {} - -
GET /js/main.js 304 0.321 ms - - {} - -
GET /chat/5cd99235e280a128a8a1f901 304 5.423 ms - - {} - -
GET /css/style.css 304 0.360 ms - - {} - -
GET /img/user.jpg 304 0.288 ms - - {} - -
GET /js/main.js 304 0.790 ms - - {} - -
GET /rooms 304 3.890 ms - - {} - -
GET /css/style.css 304 0.281 ms - - {} - -
GET /js/main.js 304 0.284 ms - - {} - -
GET /chat/5cd99235e280a128a8a1f901 304 4.504 ms - - {} - -
GET /css/style.css 304 0.643 ms - - {} - -
GET /img/user.jpg 304 0.508 ms - - {} - -
GET /js/main.js 304 0.601 ms - - {} - -
GET /rooms 304 4.213 ms - - {} - -
GET /css/style.css 304 0.426 ms - - {} - -
GET /js/main.js 304 0.398 ms - - {} - -
GET /chat/5cd99235e280a128a8a1f901 304 4.236 ms - - {} - -
GET /css/style.css 304 0.411 ms - - {} - -
GET /img/user.jpg 304 0.359 ms - - {} - -
GET /js/main.js 304 0.306 ms - - {} - -
GET /rooms 304 4.436 ms - - {} - -
GET /css/style.css 304 0.327 ms - - {} - -
GET /js/main.js 304 0.311 ms - - {} - -
GET /chat/5cd99235e280a128a8a1f901 304 6.171 ms - - {} - -
GET /css/style.css 304 0.464 ms - - {} - -
GET /img/user.jpg 304 0.300 ms - - {} - -
GET /js/main.js 304 0.277 ms - - {} - -
GET /chat/5cd99235e280a128a8a1f901 302 7.355 ms - 46 {} - -
GET / 200 11.401 ms - 2162 {} - -
GET /css/style.css 304 1.492 ms - - {} - -
GET / 200 3.030 ms - 2162 {} - -
GET /css/style.css 304 0.546 ms - - {} - -
POST /login 302 217.051 ms - 56 {"_csrf":"ySmDLZXG-C3u9DkRSD51k7fFmPXYEFIZcwMc","username":"datnd","password":"29091997q"} - 76
GET /rooms 304 6.896 ms - - {} - -
GET /css/style.css 304 0.543 ms - - {} - -
GET /js/main.js 304 0.421 ms - - {} - -
GET /chat/5cd99235e280a128a8a1f901 200 16973.473 ms - 1668 {} - -
GET /css/style.css 304 1.167 ms - - {} - -
GET /img/user.jpg 304 0.446 ms - - {} - -
GET /js/main.js 304 0.999 ms - - {} - -
GET /chat/5cd99235e280a128a8a1f901 304 7.867 ms - - {} - -
GET /css/style.css 304 1.848 ms - - {} - -
GET /img/user.jpg 304 0.997 ms - - {} - -
GET /js/main.js 304 0.324 ms - - {} - -
GET /chat/5cd9924ee280a128a8a1f904 304 10.000 ms - - {} - -
GET /css/style.css 304 0.535 ms - - {} - -
GET /img/user.jpg 304 0.436 ms - - {} - -
GET /js/main.js 304 0.364 ms - - {} - -
GET /logout 302 7.169 ms - 46 {} - -
GET / 200 8.208 ms - 2162 {} - -
GET /css/style.css 304 1.708 ms - - {} - -
POST /login 302 222.783 ms - 46 {"_csrf":"iaGH3yBv-Xdg2-x9GZugRt3JuBlcdH-UPFZ8","username":"datnd","password":" { $ne: 12}"} - 86
GET / 200 1.382 ms - 2258 {} - -
GET /css/style.css 304 0.361 ms - - {} - -
POST /login 302 3.153 ms - 46 {"_csrf":"EVrDbzuo-AbtYbyXgLqiOI3fbajI7hTumpFA","username":" { $ne: 12}","password":"29091997q"} - 90
GET / 200 0.937 ms - 2258 {} - -
GET /css/style.css 304 0.833 ms - - {} - -
GET / 200 21.264 ms - 2162 {} - -
GET /css/style.css 304 3.091 ms - - {} - -
GET /favicon.ico 404 2.845 ms - 1240 {} - -
POST /login 302 245.815 ms - 56 {"_csrf":"bkqBCECr-qr5b_rtLpzyY8-JCdCNIol0XftU","username":"datnd","password":"29091997q"} - 76
GET /rooms 304 9.182 ms - - {} - -
GET /css/style.css 304 0.482 ms - - {} - -
GET /js/main.js 304 0.310 ms - - {} - -
GET /chat/5cd99235e280a128a8a1f901 304 21.777 ms - - {} - -
GET /css/style.css 304 0.399 ms - - {} - -
GET /img/user.jpg 304 0.454 ms - - {} - -
GET /js/main.js 304 0.397 ms - - {} - -
GET /chat/5cd9924ee280a128a8a1f904 304 37.146 ms - - {} - -
GET /css/style.css 304 0.609 ms - - {} - -
GET /img/user.jpg 304 0.716 ms - - {} - -
GET /js/main.js 304 0.332 ms - - {} - -
GET /chat/5cd9924ee280a128a8a1f904 304 7.258 ms - - {} - -
GET /css/style.css 304 0.617 ms - - {} - -
GET /img/user.jpg 304 0.559 ms - - {} - -
GET /js/main.js 304 1.064 ms - - {} - -
POST /login 302 200.269 ms - 56 {"_csrf":"bkqBCECr-qr5b_rtLpzyY8-JCdCNIol0XftU","username":"datnd","password":"29091997q"} - 76
GET /rooms 304 4.556 ms - - {} - -
GET /css/style.css 304 0.497 ms - - {} - -
GET /js/main.js 304 0.404 ms - - {} - -
GET /chat/5cd99530d1b37d02707970dd 304 5.830 ms - - {} - -
GET /css/style.css 304 0.301 ms - - {} - -
GET /img/user.jpg 304 0.317 ms - - {} - -
GET /js/main.js 304 0.309 ms - - {} - -
GET /logout 302 2.550 ms - 46 {} - -
GET / 200 1.987 ms - 2162 {} - -
GET /css/style.css 304 0.360 ms - - {} - -
POST /login 302 211.754 ms - 56 {"_csrf":"JAUjjEwd-NVdpoIfHlevdM6b2_hqq7LLlr6s","username":"datnd","password":"29091997q"} - 76
GET /rooms 304 3.384 ms - - {} - -
GET /css/style.css 304 0.368 ms - - {} - -
GET /js/main.js 304 0.363 ms - - {} - -
GET /chat/5cd99235e280a128a8a1f901 304 6.260 ms - - {} - -
GET /css/style.css 304 0.360 ms - - {} - -
GET /img/user.jpg 304 0.385 ms - - {} - -
GET /js/main.js 304 1.302 ms - - {} - -
GET /rooms 304 4.607 ms - - {} - -
GET /css/style.css 304 0.516 ms - - {} - -
GET /js/main.js 304 0.477 ms - - {} - -
GET /chat/5cd99235e280a128a8a1f901 200 22.888 ms - 2460 {} - -
GET /css/style.css 304 1.535 ms - - {} - -
GET /img/user.jpg 304 1.727 ms - - {} - -
GET /js/main.js 304 1.208 ms - - {} - -
GET / 200 1.972 ms - 2162 {} - -
GET /css/style.css 200 1.199 ms - 6406 {} - -
POST /login 302 196.530 ms - 56 {"_csrf":"iL4YinTr-rzD-_QAqYF8qdz6lPKLzbAcbElo","username":"datnd1","password":"29091997q"} - 77
GET /rooms 200 3.724 ms - 2096 {} - -
GET /css/style.css 304 0.317 ms - - {} - -
GET /js/main.js 200 1.083 ms - 4619 {} - -
GET /chat/5cd99235e280a128a8a1f901 200 5.209 ms - 2461 {} - -
GET /css/style.css 304 0.325 ms - - {} - -
GET /img/user.jpg 200 0.496 ms - 7154 {} - -
GET /js/main.js 304 0.304 ms - - {} - -
GET /chat/5cd99235e280a128a8a1f901 304 5.155 ms - - {} - -
GET /css/style.css 304 0.386 ms - - {} - -
GET /img/user.jpg 304 0.318 ms - - {} - -
GET /js/main.js 304 0.356 ms - - {} - -
GET /chat/5cd99235e280a128a8a1f901 304 3.862 ms - - {} - -
GET /css/style.css 304 0.319 ms - - {} - -
GET /img/user.jpg 304 0.385 ms - - {} - -
GET /js/main.js 304 0.310 ms - - {} - -
GET /chat/5cd9924ee280a128a8a1f904 200 4.528 ms - 2133 {} - -
GET /css/style.css 304 0.327 ms - - {} - -
GET /img/user.jpg 304 0.323 ms - - {} - -
GET /js/main.js 304 0.921 ms - - {} - -
GET /logout 302 5.411 ms - 46 {} - -
GET / 200 1.016 ms - 2162 {} - -
GET /css/style.css 304 0.309 ms - - {} - -
POST /login 302 197.062 ms - 56 {"_csrf":"zrbpsYmr-IGZ-2dykCqJMb3qLidXIngXKuuI","username":"datnd2","password":"29091997q"} - 77
GET /rooms 304 3.275 ms - - {} - -
GET /css/style.css 304 0.275 ms - - {} - -
GET /js/main.js 304 0.307 ms - - {} - -
GET /chat/5cd9924ee280a128a8a1f904 200 4.883 ms - 2133 {} - -
GET /css/style.css 304 0.328 ms - - {} - -
GET /img/user.jpg 304 0.252 ms - - {} - -
GET /js/main.js 304 0.327 ms - - {} - -
GET /chat/5cd9924ee280a128a8a1f904 304 8.445 ms - - {} - -
GET /css/style.css 304 0.450 ms - - {} - -
GET /img/user.jpg 304 0.355 ms - - {} - -
GET /js/main.js 304 0.762 ms - - {} - -
GET /chat/5cd99530d1b37d02707970dd 200 6.138 ms - 1659 {} - -
GET /css/style.css 304 0.854 ms - - {} - -
GET /img/user.jpg 304 0.241 ms - - {} - -
GET /js/main.js 304 0.345 ms - - {} - -
GET /logout 302 2.283 ms - 46 {} - -
GET / 200 1.043 ms - 2162 {} - -
GET /css/style.css 304 0.425 ms - - {} - -
GET / 200 16.748 ms - 2162 {} - -
GET /css/style.css 200 4.412 ms - 6406 {} - -
POST /login 302 246.560 ms - 56 {"_csrf":"PdUK5DHZ-j2uNjwPiH-kLZByZlO5GAA2DROc","username":"datnd","password":"29091997q"} - 76
GET /rooms 200 9.147 ms - 2096 {} - -
GET /css/style.css 304 1.801 ms - - {} - -
GET /js/main.js 200 1.011 ms - 4619 {} - -
GET /chat/5cd99235e280a128a8a1f901 200 13.429 ms - 2460 {} - -
GET /css/style.css 304 0.795 ms - - {} - -
GET /img/user.jpg 200 1.125 ms - 7154 {} - -
GET /js/main.js 304 0.297 ms - - {} - -
GET /css/style.css 304 0.372 ms - - {} - -
POST /login 302 363.284 ms - 56 {"_csrf":"qRotRSis-bd_pLkap3VTklKYAFNfdPgq2SoA","username":"datnd1","password":"29091997q"} - 77
GET /rooms 304 3.642 ms - - {} - -
GET /css/style.css 304 0.309 ms - - {} - -
GET /js/main.js 304 0.368 ms - - {} - -
GET /chat/5cd99235e280a128a8a1f901 200 6.323 ms - 2461 {} - -
GET /css/style.css 304 0.343 ms - - {} - -
GET /img/user.jpg 304 0.497 ms - - {} - -
GET /js/main.js 304 0.300 ms - - {} - -
GET / 200 1.384 ms - 2162 {} - -
GET /css/style.css 200 0.549 ms - 6406 {} - -
GET /css/style.css 200 0.491 ms - 6406 {} - -
POST /login 302 205.188 ms - 56 {"_csrf":"BaCUorDk-o6Ygnit33oGQEi2leDfJHRv2qzM","username":"datnd3","password":"29091997q"} - 77
GET /login 404 2.024 ms - 1240 {} - -
GET /rooms 200 3.530 ms - 2096 {} - -
GET /css/style.css 200 2.141 ms - 6406 {} - -
GET /js/main.js 200 2.112 ms - 4619 {} - -
GET /css/style.css 200 0.528 ms - 6406 {} - -
GET /chat/5cd99235e280a128a8a1f901 200 5.163 ms - 2461 {} - -
GET /js/main.js 200 1.659 ms - 4619 {} - -
GET /img/user.jpg 200 3.412 ms - 7154 {} - -
GET /css/style.css 200 2.334 ms - 6406 {} - -
GET /css/style.css 200 3.054 ms - 6406 {} - -
GET /chat/5cd99235e280a128a8a1f901 302 5.747 ms - 46 {} - -
GET / 200 14.771 ms - 2111 {} - -
GET /css/style.css 304 2.063 ms - - {} - -
GET /js/jquery.js 200 2.277 ms - 86927 {} - -
GET / 200 3.370 ms - 2111 {} - -
GET /css/style.css 200 1.915 ms - 6406 {} - -
GET /js/jquery.js 200 1.810 ms - 86927 {} - -
POST /login 302 217.550 ms - 56 {"_csrf":"WQhHGmuh-1SpR7waZYZuN-YLosPkYaAVOdOY","username":"datnd1","password":"29091997q"} - 77
GET /rooms 200 7.757 ms - 2045 {} - -
GET /css/style.css 304 0.512 ms - - {} - -
GET /js/jquery.js 304 1.398 ms - - {} - -
GET /js/main.js 304 0.569 ms - - {} - -
POST /login 302 1023.277 ms - 56 {"_csrf":"DAmegWXy-o3R7CYekIL2EfhSbnPgPMd-X3kc","username":"datnd","password":"29091997q"} - 76
GET /rooms 200 18.425 ms - 2045 {} - -
GET /css/style.css 304 1.833 ms - - {} - -
GET /js/jquery.js 304 2.267 ms - - {} - -
GET /js/main.js 200 6.699 ms - 4619 {} - -
GET /chat/5cd99235e280a128a8a1f901 200 59.605 ms - 2410 {} - -
GET /css/style.css 304 2.651 ms - - {} - -
GET /img/user.jpg 304 2.788 ms - - {} - -
GET /js/jquery.js 304 1.194 ms - - {} - -
GET /js/main.js 304 1.342 ms - - {} - -
GET /chat/5cd99235e280a128a8a1f901 200 23.274 ms - 2409 {} - -
GET /css/style.css 304 1.835 ms - - {} - -
GET /js/jquery.js 304 2.710 ms - - {} - -
GET /img/user.jpg 200 7.064 ms - 7154 {} - -
GET /js/main.js 304 1.192 ms - - {} - -
GET /css/style.css 304 0.646 ms - - {} - -
GET /logout 302 3.720 ms - 46 {} - -
GET / 200 1.460 ms - 2111 {} - -
GET /css/style.css 304 2.365 ms - - {} - -
GET /js/jquery.js 304 2.136 ms - - {} - -
GET /logout 302 3.532 ms - 46 {} - -
GET / 200 1.814 ms - 2111 {} - -
GET /css/style.css 200 3.091 ms - 6406 {} - -
GET /js/jquery.js 200 1.800 ms - 86927 {} - -
GET / 200 16.149 ms - 2111 {} - -
GET /css/style.css 200 5.244 ms - 6406 {} - -
GET /js/jquery.js 200 2.516 ms - 86927 {} - -
GET /favicon.ico 404 2.364 ms - 1240 {} - -
POST /login 302 237.689 ms - 56 {"_csrf":"xVEkfwbm-HnkTjBku58LZe6mJkxlffv-0qbo","username":"datnd1","password":"29091997q"} - 77
GET /rooms 200 8.193 ms - 2045 {} - -
GET /css/style.css 304 1.104 ms - - {} - -
GET /js/jquery.js 304 0.669 ms - - {} - -
GET /js/main.js 200 2.150 ms - 4619 {} - -
GET /chat/5cd99235e280a128a8a1f901 200 14.337 ms - 3208 {} - -
GET /css/style.css 304 0.398 ms - - {} - -
GET /js/jquery.js 304 0.434 ms - - {} - -
GET /img/user.jpg 200 2.104 ms - 7154 {} - -
GET /js/main.js 304 0.328 ms - - {} - -
GET /chat/5cd9924ee280a128a8a1f904 200 3.813 ms - 2082 {} - -
GET /css/style.css 304 0.344 ms - - {} - -
GET /img/user.jpg 304 0.501 ms - - {} - -
GET /js/jquery.js 304 0.519 ms - - {} - -
GET /js/main.js 304 0.293 ms - - {} - -
GET /css/style.css 304 0.276 ms - - {} - -
GET / 200 22.046 ms - 2111 {} - -
GET /css/style.css 304 3.656 ms - - {} - -
GET /js/jquery.js 304 0.566 ms - - {} - -
GET /favicon.ico 404 3.788 ms - 1240 {} - -
GET /css/style.css 304 0.522 ms - - {} - -
POST /login 302 236.408 ms - 56 {"_csrf":"pkWxSerc-3suc5jlK5hJPxwINmr7iNy0vfIc","username":"datnd1","password":"29091997q"} - 77
GET /rooms 304 14.668 ms - - {} - -
GET /css/style.css 304 0.324 ms - - {} - -
GET /js/jquery.js 304 0.828 ms - - {} - -
GET /js/main.js 304 0.277 ms - - {} - -
GET /chat/5cd99235e280a128a8a1f901 200 42.444 ms - 3208 {} - -
GET /css/style.css 304 0.476 ms - - {} - -
GET /img/user.jpg 304 1.821 ms - - {} - -
GET /js/jquery.js 304 1.784 ms - - {} - -
GET /js/main.js 304 0.725 ms - - {} - -
GET /chat/5cd99235e280a128a8a1f901 304 5.956 ms - - {} - -
GET /css/style.css 304 0.933 ms - - {} - -
GET /img/user.jpg 304 0.605 ms - - {} - -
GET /js/jquery.js 304 0.616 ms - - {} - -
GET /js/main.js 304 0.257 ms - - {} - -
GET /chat/5cd99235e280a128a8a1f901 304 5.666 ms - - {} - -
GET /css/style.css 304 0.315 ms - - {} - -
GET /img/user.jpg 304 0.646 ms - - {} - -
GET /js/jquery.js 304 0.936 ms - - {} - -
GET /js/main.js 304 0.274 ms - - {} - -
GET /chat/5cd99530d1b37d02707970dd 200 4.431 ms - 1608 {} - -
GET /css/style.css 304 0.746 ms - - {} - -
GET /img/user.jpg 304 2.189 ms - - {} - -
GET /js/jquery.js 304 1.729 ms - - {} - -
GET /js/main.js 304 0.316 ms - - {} - -
GET / 200 2.051 ms - 2111 {} - -
GET /css/style.css 200 0.917 ms - 6406 {} - -
GET /js/jquery.js 200 1.881 ms - 86927 {} - -
POST /login 302 191.507 ms - 56 {"_csrf":"xFSeLEPY-q4QK8k4zZi2-k6Oa7XZPoHRQJzs","username":"datnd","password":"29091997q"} - 76
GET /rooms 200 3.750 ms - 2045 {} - -
GET /css/style.css 304 0.318 ms - - {} - -
GET /js/jquery.js 304 0.335 ms - - {} - -
GET /js/main.js 200 1.990 ms - 4619 {} - -
GET /chat/5cd99530d1b37d02707970dd 200 5.499 ms - 2004 {} - -
GET /css/style.css 304 0.304 ms - - {} - -
GET /js/jquery.js 304 1.094 ms - - {} - -
GET /js/main.js 304 0.671 ms - - {} - -
GET /img/user.jpg 200 4.324 ms - 7154 {} - -
